#
# There is insufficient memory for the Java Runtime Environment to continue.
# Native memory allocation (malloc) failed to allocate 1045136 bytes for Chunk::new
# Possible reasons:
#   The system is out of physical RAM or swap space
#   The process is running with CompressedOops enabled, and the Java Heap may be blocking the growth of the native heap
# Possible solutions:
#   Reduce memory load on the system
#   Increase physical memory or swap space
#   Check if swap backing store is full
#   Decrease Java heap size (-Xmx/-Xms)
#   Decrease number of Java threads
#   Decrease Java thread stack sizes (-Xss)
#   Set larger code cache with -XX:ReservedCodeCacheSize=
#   JVM is running with Zero Based Compressed Oops mode in which the Java heap is
#     placed in the first 32GB address space. The Java Heap base address is the
#     maximum limit for the native heap growth. Please use -XX:HeapBaseMinAddress
#     to set the Java Heap base and to place the Java Heap above 32GB virtual address.
# This output file may be truncated or incomplete.
#
#  Out of Memory Error (./src/hotspot/share/memory/arena.cpp:197), pid=17196, tid=7916
#
# JRE version: OpenJDK Runtime Environment (11.0.13) (build 11.0.13+0-b1751.21-8125866)
# Java VM: OpenJDK 64-Bit Server VM (11.0.13+0-b1751.21-8125866, mixed mode, tiered, compressed oops, g1 gc, windows-amd64)
# No core dump will be written. Minidumps are not enabled by default on client versions of Windows
#

---------------  S U M M A R Y ------------

Command Line: org.jetbrains.kotlin.cli.jvm.K2JVMCompiler @C:\Users\Svetl\AndroidStudioProjects\up2_2versia2\app\build\20231205_708014346776581216.compiler.options

Host: 12th Gen Intel(R) Core(TM) i7-12700H, 20 cores, 15G,  Windows 11 , 64 bit Build 22621 (10.0.22621.2506)
Time: Tue Dec  5 07:31:15 2023 RTZ 4 (зима) elapsed time: 2.352333 seconds (0d 0h 0m 2s)

---------------  T H R E A D  ---------------

Current thread (0x0000026fb1927800):  JavaThread "C2 CompilerThread0" daemon [_thread_in_native, id=7916, stack(0x000000e5cef00000,0x000000e5cf000000)]


Current CompileTask:
C2:   2352 2672       4       org.jetbrains.kotlin.com.intellij.openapi.vfs.impl.ZipHandlerBase::getOrCreate (292 bytes)

Stack: [0x000000e5cef00000,0x000000e5cf000000]
Native frames: (J=compiled Java code, j=interpreted, Vv=VM code, C=native code)
V  [jvm.dll+0x6100fa]
V  [jvm.dll+0x747090]
V  [jvm.dll+0x7486ad]
V  [jvm.dll+0x748d83]
V  [jvm.dll+0x24ab48]
V  [jvm.dll+0xc04dc]
V  [jvm.dll+0xc0a0c]
V  [jvm.dll+0x35eb9d]
V  [jvm.dll+0x32b833]
V  [jvm.dll+0x32ad2a]
V  [jvm.dll+0x2032b2]
V  [jvm.dll+0x202437]
V  [jvm.dll+0x188e01]
V  [jvm.dll+0x21106b]
V  [jvm.dll+0x20f8c1]
V  [jvm.dll+0x70de0f]
V  [jvm.dll+0x706a75]
V  [jvm.dll+0x60ed66]
C  [ucrtbase.dll+0x29363]
C  [KERNEL32.DLL+0x1257d]
C  [ntdll.dll+0x5aa58]


---------------  P R O C E S S  ---------------

Threads class SMR info:
_java_thread_list=0x0000026fb3126630, length=16, elements={
0x0000026f910d9000, 0x0000026fb18c4000, 0x0000026fb18ce000, 0x0000026fb1923000,
0x0000026fb1924000, 0x0000026fb1925000, 0x0000026fb1927800, 0x0000026fb192a800,
0x0000026fb192c000, 0x0000026fb18a0800, 0x0000026fb1ad2800, 0x0000026fb1adc000,
0x0000026fb1acd000, 0x0000026fb1949800, 0x0000026fb1948000, 0x0000026fb1944800
}

Java Threads: ( => current thread )
  0x0000026f910d9000 JavaThread "main" [_thread_in_vm, id=13912, stack(0x000000e5ce200000,0x000000e5ce300000)]
  0x0000026fb18c4000 JavaThread "Reference Handler" daemon [_thread_blocked, id=10856, stack(0x000000e5ce900000,0x000000e5cea00000)]
  0x0000026fb18ce000 JavaThread "Finalizer" daemon [_thread_blocked, id=20476, stack(0x000000e5cea00000,0x000000e5ceb00000)]
  0x0000026fb1923000 JavaThread "Signal Dispatcher" daemon [_thread_blocked, id=10512, stack(0x000000e5cec00000,0x000000e5ced00000)]
  0x0000026fb1924000 JavaThread "Attach Listener" daemon [_thread_blocked, id=21556, stack(0x000000e5ced00000,0x000000e5cee00000)]
  0x0000026fb1925000 JavaThread "Service Thread" daemon [_thread_blocked, id=6544, stack(0x000000e5cee00000,0x000000e5cef00000)]
=>0x0000026fb1927800 JavaThread "C2 CompilerThread0" daemon [_thread_in_native, id=7916, stack(0x000000e5cef00000,0x000000e5cf000000)]
  0x0000026fb192a800 JavaThread "C1 CompilerThread0" daemon [_thread_blocked, id=4572, stack(0x000000e5cf000000,0x000000e5cf100000)]
  0x0000026fb192c000 JavaThread "Sweeper thread" daemon [_thread_blocked, id=22576, stack(0x000000e5cf100000,0x000000e5cf200000)]
  0x0000026fb18a0800 JavaThread "C1 CompilerThread1" daemon [_thread_blocked, id=1648, stack(0x000000e5cf200000,0x000000e5cf300000)]
  0x0000026fb1ad2800 JavaThread "Common-Cleaner" daemon [_thread_blocked, id=12676, stack(0x000000e5cf400000,0x000000e5cf500000)]
  0x0000026fb1adc000 JavaThread "C2 CompilerThread1" daemon [_thread_in_native, id=19432, stack(0x000000e5cf500000,0x000000e5cf600000)]
  0x0000026fb1acd000 JavaThread "C2 CompilerThread2" daemon [_thread_in_native, id=15464, stack(0x000000e5cf600000,0x000000e5cf700000)]
  0x0000026fb1949800 JavaThread "C1 CompilerThread2" daemon [_thread_blocked, id=22440, stack(0x000000e5cf800000,0x000000e5cf900000)]
  0x0000026fb1948000 JavaThread "C1 CompilerThread3" daemon [_thread_blocked, id=22320, stack(0x000000e5cf900000,0x000000e5cfa00000)]
  0x0000026fb1944800 JavaThread "C2 CompilerThread3" daemon [_thread_in_native, id=3588, stack(0x000000e5d0100000,0x000000e5d0200000)]

Other Threads:
  0x0000026fb101a000 VMThread "VM Thread" [stack: 0x000000e5ce800000,0x000000e5ce900000] [id=11172]
  0x0000026fb1acc800 WatcherThread [stack: 0x000000e5cf300000,0x000000e5cf400000] [id=13960]
  0x0000026f910f3000 GCTaskThread "GC Thread#0" [stack: 0x000000e5ce300000,0x000000e5ce400000] [id=16456]
  0x0000026fb2940800 GCTaskThread "GC Thread#1" [stack: 0x000000e5cfa00000,0x000000e5cfb00000] [id=19748]
  0x0000026fb224c800 GCTaskThread "GC Thread#2" [stack: 0x000000e5cfb00000,0x000000e5cfc00000] [id=9600]
  0x0000026fb1ff2000 GCTaskThread "GC Thread#3" [stack: 0x000000e5cfc00000,0x000000e5cfd00000] [id=22416]
  0x0000026fb1ff3000 GCTaskThread "GC Thread#4" [stack: 0x000000e5cfd00000,0x000000e5cfe00000] [id=464]
  0x0000026fb2195000 GCTaskThread "GC Thread#5" [stack: 0x000000e5cfe00000,0x000000e5cff00000] [id=17024]
  0x0000026f9114f800 ConcurrentGCThread "G1 Main Marker" [stack: 0x000000e5ce400000,0x000000e5ce500000] [id=1356]
  0x0000026f91151000 ConcurrentGCThread "G1 Conc#0" [stack: 0x000000e5ce500000,0x000000e5ce600000] [id=22396]
  0x0000026fb3307800 ConcurrentGCThread "G1 Conc#1" [stack: 0x000000e5cf700000,0x000000e5cf800000] [id=4480]
  0x0000026fb2385000 ConcurrentGCThread "G1 Conc#2" [stack: 0x000000e5cff00000,0x000000e5d0000000] [id=18880]
  0x0000026fb2464800 ConcurrentGCThread "G1 Conc#3" [stack: 0x000000e5d0000000,0x000000e5d0100000] [id=7684]
  0x0000026fb0f03800 ConcurrentGCThread "G1 Refine#0" [stack: 0x000000e5ce600000,0x000000e5ce700000] [id=10920]
  0x0000026fb0f04800 ConcurrentGCThread "G1 Young RemSet Sampling" [stack: 0x000000e5ce700000,0x000000e5ce800000] [id=22400]

Threads with active compile tasks:
C2 CompilerThread0   2361 2672       4       org.jetbrains.kotlin.com.intellij.openapi.vfs.impl.ZipHandlerBase::getOrCreate (292 bytes)
C2 CompilerThread1   2361 2675       4       org.jetbrains.kotlin.com.intellij.openapi.vfs.impl.ZipHandlerBase::getOrCreate (305 bytes)
C2 CompilerThread2   2361 2722   !   4       java.net.URL::<init> (543 bytes)
C2 CompilerThread3   2361 2742  s!   4       jdk.internal.loader.URLClassPath::getLoader (194 bytes)

VM state:not at safepoint (normal execution)

VM Mutex/Monitor currently owned by a thread: None

Heap address: 0x0000000704400000, size: 4028 MB, Compressed Oops mode: Zero based, Oop shift amount: 3
Narrow klass base: 0x0000000800000000, Narrow klass shift: 0
Compressed class space size: 1073741824 Address: 0x0000000800000000

Heap:
 garbage-first heap   total 258048K, used 24420K [0x0000000704400000, 0x0000000800000000)
  region size 1024K, 12 young (12288K), 7 survivors (7168K)
 Metaspace       used 32526K, capacity 32998K, committed 33280K, reserved 1079296K
  class space    used 3842K, capacity 4065K, committed 4096K, reserved 1048576K
Heap Regions: E=young(eden), S=young(survivor), O=old, HS=humongous(starts), HC=humongous(continues), CS=collection set, F=free, A=archive, TAMS=top-at-mark-start (previous, next)
|   0|0x0000000704400000, 0x0000000704500000, 0x0000000704500000|100%|HS|  |TAMS 0x0000000704500000, 0x0000000704400000| Complete 
|   1|0x0000000704500000, 0x0000000704600000, 0x0000000704600000|100%|HC|  |TAMS 0x0000000704600000, 0x0000000704500000| Complete 
|   2|0x0000000704600000, 0x0000000704700000, 0x0000000704700000|100%|HC|  |TAMS 0x0000000704700000, 0x0000000704600000| Complete 
|   3|0x0000000704700000, 0x0000000704800000, 0x0000000704800000|100%| O|  |TAMS 0x0000000704700000, 0x0000000704700000| Untracked 
|   4|0x0000000704800000, 0x0000000704900000, 0x0000000704900000|100%| O|  |TAMS 0x0000000704844400, 0x0000000704800000| Untracked 
|   5|0x0000000704900000, 0x0000000704a00000, 0x0000000704a00000|100%|HS|  |TAMS 0x0000000704900000, 0x0000000704900000| Complete 
|   6|0x0000000704a00000, 0x0000000704b00000, 0x0000000704b00000|100%|HC|  |TAMS 0x0000000704a00000, 0x0000000704a00000| Complete 
|   7|0x0000000704b00000, 0x0000000704c00000, 0x0000000704c00000|100%|HC|  |TAMS 0x0000000704b00000, 0x0000000704b00000| Complete 
|   8|0x0000000704c00000, 0x0000000704d00000, 0x0000000704d00000|100%|HS|  |TAMS 0x0000000704c00000, 0x0000000704c00000| Complete 
|   9|0x0000000704d00000, 0x0000000704e00000, 0x0000000704e00000|100%|HC|  |TAMS 0x0000000704d00000, 0x0000000704d00000| Complete 
|  10|0x0000000704e00000, 0x0000000704f00000, 0x0000000704f00000|100%| O|  |TAMS 0x0000000704e00000, 0x0000000704e00000| Untracked 
|  11|0x0000000704f00000, 0x0000000705000000, 0x0000000705000000|100%| O|  |TAMS 0x0000000704f00000, 0x0000000704f00000| Untracked 
|  12|0x0000000705000000, 0x00000007050d9000, 0x0000000705100000| 84%| O|  |TAMS 0x0000000705000000, 0x0000000705000000| Untracked 
|  13|0x0000000705100000, 0x0000000705100000, 0x0000000705200000|  0%| F|  |TAMS 0x0000000705100000, 0x0000000705100000| Untracked 
|  14|0x0000000705200000, 0x0000000705200000, 0x0000000705300000|  0%| F|  |TAMS 0x0000000705200000, 0x0000000705200000| Untracked 
|  15|0x0000000705300000, 0x0000000705300000, 0x0000000705400000|  0%| F|  |TAMS 0x0000000705300000, 0x0000000705300000| Untracked 
|  16|0x0000000705400000, 0x0000000705400000, 0x0000000705500000|  0%| F|  |TAMS 0x0000000705400000, 0x0000000705400000| Untracked 
|  17|0x0000000705500000, 0x0000000705500000, 0x0000000705600000|  0%| F|  |TAMS 0x0000000705500000, 0x0000000705500000| Untracked 
|  18|0x0000000705600000, 0x0000000705600000, 0x0000000705700000|  0%| F|  |TAMS 0x0000000705600000, 0x0000000705600000| Untracked 
|  19|0x0000000705700000, 0x0000000705700000, 0x0000000705800000|  0%| F|  |TAMS 0x0000000705700000, 0x0000000705700000| Untracked 
|  20|0x0000000705800000, 0x0000000705800000, 0x0000000705900000|  0%| F|  |TAMS 0x0000000705800000, 0x0000000705800000| Untracked 
|  21|0x0000000705900000, 0x0000000705900000, 0x0000000705a00000|  0%| F|  |TAMS 0x0000000705900000, 0x0000000705900000| Untracked 
|  22|0x0000000705a00000, 0x0000000705a00000, 0x0000000705b00000|  0%| F|  |TAMS 0x0000000705a00000, 0x0000000705a00000| Untracked 
|  23|0x0000000705b00000, 0x0000000705b00000, 0x0000000705c00000|  0%| F|  |TAMS 0x0000000705b00000, 0x0000000705b00000| Untracked 
|  24|0x0000000705c00000, 0x0000000705c00000, 0x0000000705d00000|  0%| F|  |TAMS 0x0000000705c00000, 0x0000000705c00000| Untracked 
|  25|0x0000000705d00000, 0x0000000705d00000, 0x0000000705e00000|  0%| F|  |TAMS 0x0000000705d00000, 0x0000000705d00000| Untracked 
|  26|0x0000000705e00000, 0x0000000705e00000, 0x0000000705f00000|  0%| F|  |TAMS 0x0000000705e00000, 0x0000000705e00000| Untracked 
|  27|0x0000000705f00000, 0x0000000705f00000, 0x0000000706000000|  0%| F|  |TAMS 0x0000000705f00000, 0x0000000705f00000| Untracked 
|  28|0x0000000706000000, 0x0000000706000000, 0x0000000706100000|  0%| F|  |TAMS 0x0000000706000000, 0x0000000706000000| Untracked 
|  29|0x0000000706100000, 0x0000000706100000, 0x0000000706200000|  0%| F|  |TAMS 0x0000000706100000, 0x0000000706100000| Untracked 
|  30|0x0000000706200000, 0x0000000706200000, 0x0000000706300000|  0%| F|  |TAMS 0x0000000706200000, 0x0000000706200000| Untracked 
|  31|0x0000000706300000, 0x0000000706300000, 0x0000000706400000|  0%| F|  |TAMS 0x0000000706300000, 0x0000000706300000| Untracked 
|  32|0x0000000706400000, 0x0000000706400000, 0x0000000706500000|  0%| F|  |TAMS 0x0000000706400000, 0x0000000706400000| Untracked 
|  33|0x0000000706500000, 0x0000000706500000, 0x0000000706600000|  0%| F|  |TAMS 0x0000000706500000, 0x0000000706500000| Untracked 
|  34|0x0000000706600000, 0x0000000706600000, 0x0000000706700000|  0%| F|  |TAMS 0x0000000706600000, 0x0000000706600000| Untracked 
|  35|0x0000000706700000, 0x0000000706700000, 0x0000000706800000|  0%| F|  |TAMS 0x0000000706700000, 0x0000000706700000| Untracked 
|  36|0x0000000706800000, 0x0000000706800000, 0x0000000706900000|  0%| F|  |TAMS 0x0000000706800000, 0x0000000706800000| Untracked 
|  37|0x0000000706900000, 0x0000000706900000, 0x0000000706a00000|  0%| F|  |TAMS 0x0000000706900000, 0x0000000706900000| Untracked 
|  38|0x0000000706a00000, 0x0000000706a00000, 0x0000000706b00000|  0%| F|  |TAMS 0x0000000706a00000, 0x0000000706a00000| Untracked 
|  39|0x0000000706b00000, 0x0000000706b00000, 0x0000000706c00000|  0%| F|  |TAMS 0x0000000706b00000, 0x0000000706b00000| Untracked 
|  40|0x0000000706c00000, 0x0000000706c00000, 0x0000000706d00000|  0%| F|  |TAMS 0x0000000706c00000, 0x0000000706c00000| Untracked 
|  41|0x0000000706d00000, 0x0000000706d00000, 0x0000000706e00000|  0%| F|  |TAMS 0x0000000706d00000, 0x0000000706d00000| Untracked 
|  42|0x0000000706e00000, 0x0000000706e00000, 0x0000000706f00000|  0%| F|  |TAMS 0x0000000706e00000, 0x0000000706e00000| Untracked 
|  43|0x0000000706f00000, 0x0000000706f00000, 0x0000000707000000|  0%| F|  |TAMS 0x0000000706f00000, 0x0000000706f00000| Untracked 
|  44|0x0000000707000000, 0x0000000707000000, 0x0000000707100000|  0%| F|  |TAMS 0x0000000707000000, 0x0000000707000000| Untracked 
|  45|0x0000000707100000, 0x0000000707100000, 0x0000000707200000|  0%| F|  |TAMS 0x0000000707100000, 0x0000000707100000| Untracked 
|  46|0x0000000707200000, 0x0000000707200000, 0x0000000707300000|  0%| F|  |TAMS 0x0000000707200000, 0x0000000707200000| Untracked 
|  47|0x0000000707300000, 0x0000000707300000, 0x0000000707400000|  0%| F|  |TAMS 0x0000000707300000, 0x0000000707300000| Untracked 
|  48|0x0000000707400000, 0x0000000707400000, 0x0000000707500000|  0%| F|  |TAMS 0x0000000707400000, 0x0000000707400000| Untracked 
|  49|0x0000000707500000, 0x0000000707500000, 0x0000000707600000|  0%| F|  |TAMS 0x0000000707500000, 0x0000000707500000| Untracked 
|  50|0x0000000707600000, 0x0000000707600000, 0x0000000707700000|  0%| F|  |TAMS 0x0000000707600000, 0x0000000707600000| Untracked 
|  51|0x0000000707700000, 0x0000000707700000, 0x0000000707800000|  0%| F|  |TAMS 0x0000000707700000, 0x0000000707700000| Untracked 
|  52|0x0000000707800000, 0x0000000707800000, 0x0000000707900000|  0%| F|  |TAMS 0x0000000707800000, 0x0000000707800000| Untracked 
|  53|0x0000000707900000, 0x0000000707900000, 0x0000000707a00000|  0%| F|  |TAMS 0x0000000707900000, 0x0000000707900000| Untracked 
|  54|0x0000000707a00000, 0x0000000707a00000, 0x0000000707b00000|  0%| F|  |TAMS 0x0000000707a00000, 0x0000000707a00000| Untracked 
|  55|0x0000000707b00000, 0x0000000707b00000, 0x0000000707c00000|  0%| F|  |TAMS 0x0000000707b00000, 0x0000000707b00000| Untracked 
|  56|0x0000000707c00000, 0x0000000707c00000, 0x0000000707d00000|  0%| F|  |TAMS 0x0000000707c00000, 0x0000000707c00000| Untracked 
|  57|0x0000000707d00000, 0x0000000707d00000, 0x0000000707e00000|  0%| F|  |TAMS 0x0000000707d00000, 0x0000000707d00000| Untracked 
|  58|0x0000000707e00000, 0x0000000707e00000, 0x0000000707f00000|  0%| F|  |TAMS 0x0000000707e00000, 0x0000000707e00000| Untracked 
|  59|0x0000000707f00000, 0x0000000707f00000, 0x0000000708000000|  0%| F|  |TAMS 0x0000000707f00000, 0x0000000707f00000| Untracked 
|  60|0x0000000708000000, 0x0000000708000000, 0x0000000708100000|  0%| F|  |TAMS 0x0000000708000000, 0x0000000708000000| Untracked 
|  61|0x0000000708100000, 0x0000000708100000, 0x0000000708200000|  0%| F|  |TAMS 0x0000000708100000, 0x0000000708100000| Untracked 
|  62|0x0000000708200000, 0x0000000708200000, 0x0000000708300000|  0%| F|  |TAMS 0x0000000708200000, 0x0000000708200000| Untracked 
|  63|0x0000000708300000, 0x0000000708300000, 0x0000000708400000|  0%| F|  |TAMS 0x0000000708300000, 0x0000000708300000| Untracked 
|  64|0x0000000708400000, 0x0000000708400000, 0x0000000708500000|  0%| F|  |TAMS 0x0000000708400000, 0x0000000708400000| Untracked 
|  65|0x0000000708500000, 0x0000000708500000, 0x0000000708600000|  0%| F|  |TAMS 0x0000000708500000, 0x0000000708500000| Untracked 
|  66|0x0000000708600000, 0x0000000708600000, 0x0000000708700000|  0%| F|  |TAMS 0x0000000708600000, 0x0000000708600000| Untracked 
|  67|0x0000000708700000, 0x0000000708700000, 0x0000000708800000|  0%| F|  |TAMS 0x0000000708700000, 0x0000000708700000| Untracked 
|  68|0x0000000708800000, 0x0000000708800000, 0x0000000708900000|  0%| F|  |TAMS 0x0000000708800000, 0x0000000708800000| Untracked 
|  69|0x0000000708900000, 0x0000000708900000, 0x0000000708a00000|  0%| F|  |TAMS 0x0000000708900000, 0x0000000708900000| Untracked 
|  70|0x0000000708a00000, 0x0000000708a00000, 0x0000000708b00000|  0%| F|  |TAMS 0x0000000708a00000, 0x0000000708a00000| Untracked 
|  71|0x0000000708b00000, 0x0000000708b00000, 0x0000000708c00000|  0%| F|  |TAMS 0x0000000708b00000, 0x0000000708b00000| Untracked 
|  72|0x0000000708c00000, 0x0000000708c00000, 0x0000000708d00000|  0%| F|  |TAMS 0x0000000708c00000, 0x0000000708c00000| Untracked 
|  73|0x0000000708d00000, 0x0000000708d00000, 0x0000000708e00000|  0%| F|  |TAMS 0x0000000708d00000, 0x0000000708d00000| Untracked 
|  74|0x0000000708e00000, 0x0000000708e00000, 0x0000000708f00000|  0%| F|  |TAMS 0x0000000708e00000, 0x0000000708e00000| Untracked 
|  75|0x0000000708f00000, 0x0000000708f00000, 0x0000000709000000|  0%| F|  |TAMS 0x0000000708f00000, 0x0000000708f00000| Untracked 
|  76|0x0000000709000000, 0x0000000709000000, 0x0000000709100000|  0%| F|  |TAMS 0x0000000709000000, 0x0000000709000000| Untracked 
|  77|0x0000000709100000, 0x0000000709100000, 0x0000000709200000|  0%| F|  |TAMS 0x0000000709100000, 0x0000000709100000| Untracked 
|  78|0x0000000709200000, 0x0000000709200000, 0x0000000709300000|  0%| F|  |TAMS 0x0000000709200000, 0x0000000709200000| Untracked 
|  79|0x0000000709300000, 0x0000000709300000, 0x0000000709400000|  0%| F|  |TAMS 0x0000000709300000, 0x0000000709300000| Untracked 
|  80|0x0000000709400000, 0x0000000709400000, 0x0000000709500000|  0%| F|  |TAMS 0x0000000709400000, 0x0000000709400000| Untracked 
|  81|0x0000000709500000, 0x0000000709500000, 0x0000000709600000|  0%| F|  |TAMS 0x0000000709500000, 0x0000000709500000| Untracked 
|  82|0x0000000709600000, 0x0000000709600000, 0x0000000709700000|  0%| F|  |TAMS 0x0000000709600000, 0x0000000709600000| Untracked 
|  83|0x0000000709700000, 0x0000000709700000, 0x0000000709800000|  0%| F|  |TAMS 0x0000000709700000, 0x0000000709700000| Untracked 
|  84|0x0000000709800000, 0x0000000709800000, 0x0000000709900000|  0%| F|  |TAMS 0x0000000709800000, 0x0000000709800000| Untracked 
|  85|0x0000000709900000, 0x0000000709900000, 0x0000000709a00000|  0%| F|  |TAMS 0x0000000709900000, 0x0000000709900000| Untracked 
|  86|0x0000000709a00000, 0x0000000709a00000, 0x0000000709b00000|  0%| F|  |TAMS 0x0000000709a00000, 0x0000000709a00000| Untracked 
|  87|0x0000000709b00000, 0x0000000709b00000, 0x0000000709c00000|  0%| F|  |TAMS 0x0000000709b00000, 0x0000000709b00000| Untracked 
|  88|0x0000000709c00000, 0x0000000709c00000, 0x0000000709d00000|  0%| F|  |TAMS 0x0000000709c00000, 0x0000000709c00000| Untracked 
|  89|0x0000000709d00000, 0x0000000709d00000, 0x0000000709e00000|  0%| F|  |TAMS 0x0000000709d00000, 0x0000000709d00000| Untracked 
|  90|0x0000000709e00000, 0x0000000709e00000, 0x0000000709f00000|  0%| F|  |TAMS 0x0000000709e00000, 0x0000000709e00000| Untracked 
|  91|0x0000000709f00000, 0x0000000709f00000, 0x000000070a000000|  0%| F|  |TAMS 0x0000000709f00000, 0x0000000709f00000| Untracked 
|  92|0x000000070a000000, 0x000000070a000000, 0x000000070a100000|  0%| F|  |TAMS 0x000000070a000000, 0x000000070a000000| Untracked 
|  93|0x000000070a100000, 0x000000070a100000, 0x000000070a200000|  0%| F|  |TAMS 0x000000070a100000, 0x000000070a100000| Untracked 
|  94|0x000000070a200000, 0x000000070a200000, 0x000000070a300000|  0%| F|  |TAMS 0x000000070a200000, 0x000000070a200000| Untracked 
|  95|0x000000070a300000, 0x000000070a300000, 0x000000070a400000|  0%| F|  |TAMS 0x000000070a300000, 0x000000070a300000| Untracked 
|  96|0x000000070a400000, 0x000000070a400000, 0x000000070a500000|  0%| F|  |TAMS 0x000000070a400000, 0x000000070a400000| Untracked 
|  97|0x000000070a500000, 0x000000070a500000, 0x000000070a600000|  0%| F|  |TAMS 0x000000070a500000, 0x000000070a500000| Untracked 
|  98|0x000000070a600000, 0x000000070a600000, 0x000000070a700000|  0%| F|  |TAMS 0x000000070a600000, 0x000000070a600000| Untracked 
|  99|0x000000070a700000, 0x000000070a700000, 0x000000070a800000|  0%| F|  |TAMS 0x000000070a700000, 0x000000070a700000| Untracked 
| 100|0x000000070a800000, 0x000000070a800000, 0x000000070a900000|  0%| F|  |TAMS 0x000000070a800000, 0x000000070a800000| Untracked 
| 101|0x000000070a900000, 0x000000070a900000, 0x000000070aa00000|  0%| F|  |TAMS 0x000000070a900000, 0x000000070a900000| Untracked 
| 102|0x000000070aa00000, 0x000000070aa00000, 0x000000070ab00000|  0%| F|  |TAMS 0x000000070aa00000, 0x000000070aa00000| Untracked 
| 103|0x000000070ab00000, 0x000000070ab00000, 0x000000070ac00000|  0%| F|  |TAMS 0x000000070ab00000, 0x000000070ab00000| Untracked 
| 104|0x000000070ac00000, 0x000000070ac00000, 0x000000070ad00000|  0%| F|  |TAMS 0x000000070ac00000, 0x000000070ac00000| Untracked 
| 105|0x000000070ad00000, 0x000000070ad00000, 0x000000070ae00000|  0%| F|  |TAMS 0x000000070ad00000, 0x000000070ad00000| Untracked 
| 106|0x000000070ae00000, 0x000000070ae00000, 0x000000070af00000|  0%| F|  |TAMS 0x000000070ae00000, 0x000000070ae00000| Untracked 
| 107|0x000000070af00000, 0x000000070af00000, 0x000000070b000000|  0%| F|  |TAMS 0x000000070af00000, 0x000000070af00000| Untracked 
| 108|0x000000070b000000, 0x000000070b000000, 0x000000070b100000|  0%| F|  |TAMS 0x000000070b000000, 0x000000070b000000| Untracked 
| 109|0x000000070b100000, 0x000000070b100000, 0x000000070b200000|  0%| F|  |TAMS 0x000000070b100000, 0x000000070b100000| Untracked 
| 110|0x000000070b200000, 0x000000070b200000, 0x000000070b300000|  0%| F|  |TAMS 0x000000070b200000, 0x000000070b200000| Untracked 
| 111|0x000000070b300000, 0x000000070b300000, 0x000000070b400000|  0%| F|  |TAMS 0x000000070b300000, 0x000000070b300000| Untracked 
| 112|0x000000070b400000, 0x000000070b400000, 0x000000070b500000|  0%| F|  |TAMS 0x000000070b400000, 0x000000070b400000| Untracked 
| 113|0x000000070b500000, 0x000000070b500000, 0x000000070b600000|  0%| F|  |TAMS 0x000000070b500000, 0x000000070b500000| Untracked 
| 114|0x000000070b600000, 0x000000070b600000, 0x000000070b700000|  0%| F|  |TAMS 0x000000070b600000, 0x000000070b600000| Untracked 
| 115|0x000000070b700000, 0x000000070b700000, 0x000000070b800000|  0%| F|  |TAMS 0x000000070b700000, 0x000000070b700000| Untracked 
| 116|0x000000070b800000, 0x000000070b800000, 0x000000070b900000|  0%| F|  |TAMS 0x000000070b800000, 0x000000070b800000| Untracked 
| 117|0x000000070b900000, 0x000000070b900000, 0x000000070ba00000|  0%| F|  |TAMS 0x000000070b900000, 0x000000070b900000| Untracked 
| 118|0x000000070ba00000, 0x000000070ba00000, 0x000000070bb00000|  0%| F|  |TAMS 0x000000070ba00000, 0x000000070ba00000| Untracked 
| 119|0x000000070bb00000, 0x000000070bb00000, 0x000000070bc00000|  0%| F|  |TAMS 0x000000070bb00000, 0x000000070bb00000| Untracked 
| 120|0x000000070bc00000, 0x000000070bc00000, 0x000000070bd00000|  0%| F|  |TAMS 0x000000070bc00000, 0x000000070bc00000| Untracked 
| 121|0x000000070bd00000, 0x000000070bd00000, 0x000000070be00000|  0%| F|  |TAMS 0x000000070bd00000, 0x000000070bd00000| Untracked 
| 122|0x000000070be00000, 0x000000070be00000, 0x000000070bf00000|  0%| F|  |TAMS 0x000000070be00000, 0x000000070be00000| Untracked 
| 123|0x000000070bf00000, 0x000000070bf00000, 0x000000070c000000|  0%| F|  |TAMS 0x000000070bf00000, 0x000000070bf00000| Untracked 
| 124|0x000000070c000000, 0x000000070c000000, 0x000000070c100000|  0%| F|  |TAMS 0x000000070c000000, 0x000000070c000000| Untracked 
| 125|0x000000070c100000, 0x000000070c100000, 0x000000070c200000|  0%| F|  |TAMS 0x000000070c100000, 0x000000070c100000| Untracked 
| 126|0x000000070c200000, 0x000000070c200000, 0x000000070c300000|  0%| F|  |TAMS 0x000000070c200000, 0x000000070c200000| Untracked 
| 127|0x000000070c300000, 0x000000070c300000, 0x000000070c400000|  0%| F|  |TAMS 0x000000070c300000, 0x000000070c300000| Untracked 
| 128|0x000000070c400000, 0x000000070c400000, 0x000000070c500000|  0%| F|  |TAMS 0x000000070c400000, 0x000000070c400000| Untracked 
| 129|0x000000070c500000, 0x000000070c500000, 0x000000070c600000|  0%| F|  |TAMS 0x000000070c500000, 0x000000070c500000| Untracked 
| 130|0x000000070c600000, 0x000000070c600000, 0x000000070c700000|  0%| F|  |TAMS 0x000000070c600000, 0x000000070c600000| Untracked 
| 131|0x000000070c700000, 0x000000070c700000, 0x000000070c800000|  0%| F|  |TAMS 0x000000070c700000, 0x000000070c700000| Untracked 
| 132|0x000000070c800000, 0x000000070c800000, 0x000000070c900000|  0%| F|  |TAMS 0x000000070c800000, 0x000000070c800000| Untracked 
| 133|0x000000070c900000, 0x000000070c900000, 0x000000070ca00000|  0%| F|  |TAMS 0x000000070c900000, 0x000000070c900000| Untracked 
| 134|0x000000070ca00000, 0x000000070ca00000, 0x000000070cb00000|  0%| F|  |TAMS 0x000000070ca00000, 0x000000070ca00000| Untracked 
| 135|0x000000070cb00000, 0x000000070cb00000, 0x000000070cc00000|  0%| F|  |TAMS 0x000000070cb00000, 0x000000070cb00000| Untracked 
| 136|0x000000070cc00000, 0x000000070cc00000, 0x000000070cd00000|  0%| F|  |TAMS 0x000000070cc00000, 0x000000070cc00000| Untracked 
| 137|0x000000070cd00000, 0x000000070cd00000, 0x000000070ce00000|  0%| F|  |TAMS 0x000000070cd00000, 0x000000070cd00000| Untracked 
| 138|0x000000070ce00000, 0x000000070ce00000, 0x000000070cf00000|  0%| F|  |TAMS 0x000000070ce00000, 0x000000070ce00000| Untracked 
| 139|0x000000070cf00000, 0x000000070cf00000, 0x000000070d000000|  0%| F|  |TAMS 0x000000070cf00000, 0x000000070cf00000| Untracked 
| 140|0x000000070d000000, 0x000000070d000000, 0x000000070d100000|  0%| F|  |TAMS 0x000000070d000000, 0x000000070d000000| Untracked 
| 141|0x000000070d100000, 0x000000070d100000, 0x000000070d200000|  0%| F|  |TAMS 0x000000070d100000, 0x000000070d100000| Untracked 
| 142|0x000000070d200000, 0x000000070d200000, 0x000000070d300000|  0%| F|  |TAMS 0x000000070d200000, 0x000000070d200000| Untracked 
| 143|0x000000070d300000, 0x000000070d300000, 0x000000070d400000|  0%| F|  |TAMS 0x000000070d300000, 0x000000070d300000| Untracked 
| 144|0x000000070d400000, 0x000000070d400000, 0x000000070d500000|  0%| F|  |TAMS 0x000000070d400000, 0x000000070d400000| Untracked 
| 145|0x000000070d500000, 0x000000070d500000, 0x000000070d600000|  0%| F|  |TAMS 0x000000070d500000, 0x000000070d500000| Untracked 
| 146|0x000000070d600000, 0x000000070d600000, 0x000000070d700000|  0%| F|  |TAMS 0x000000070d600000, 0x000000070d600000| Untracked 
| 147|0x000000070d700000, 0x000000070d700000, 0x000000070d800000|  0%| F|  |TAMS 0x000000070d700000, 0x000000070d700000| Untracked 
| 148|0x000000070d800000, 0x000000070d800000, 0x000000070d900000|  0%| F|  |TAMS 0x000000070d800000, 0x000000070d800000| Untracked 
| 149|0x000000070d900000, 0x000000070d900000, 0x000000070da00000|  0%| F|  |TAMS 0x000000070d900000, 0x000000070d900000| Untracked 
| 150|0x000000070da00000, 0x000000070da00000, 0x000000070db00000|  0%| F|  |TAMS 0x000000070da00000, 0x000000070da00000| Untracked 
| 151|0x000000070db00000, 0x000000070db00000, 0x000000070dc00000|  0%| F|  |TAMS 0x000000070db00000, 0x000000070db00000| Untracked 
| 152|0x000000070dc00000, 0x000000070dc00000, 0x000000070dd00000|  0%| F|  |TAMS 0x000000070dc00000, 0x000000070dc00000| Untracked 
| 153|0x000000070dd00000, 0x000000070dd00000, 0x000000070de00000|  0%| F|  |TAMS 0x000000070dd00000, 0x000000070dd00000| Untracked 
| 154|0x000000070de00000, 0x000000070de00000, 0x000000070df00000|  0%| F|  |TAMS 0x000000070de00000, 0x000000070de00000| Untracked 
| 155|0x000000070df00000, 0x000000070df00000, 0x000000070e000000|  0%| F|  |TAMS 0x000000070df00000, 0x000000070df00000| Untracked 
| 156|0x000000070e000000, 0x000000070e000000, 0x000000070e100000|  0%| F|  |TAMS 0x000000070e000000, 0x000000070e000000| Untracked 
| 157|0x000000070e100000, 0x000000070e100000, 0x000000070e200000|  0%| F|  |TAMS 0x000000070e100000, 0x000000070e100000| Untracked 
| 158|0x000000070e200000, 0x000000070e200000, 0x000000070e300000|  0%| F|  |TAMS 0x000000070e200000, 0x000000070e200000| Untracked 
| 159|0x000000070e300000, 0x000000070e300000, 0x000000070e400000|  0%| F|  |TAMS 0x000000070e300000, 0x000000070e300000| Untracked 
| 160|0x000000070e400000, 0x000000070e400000, 0x000000070e500000|  0%| F|  |TAMS 0x000000070e400000, 0x000000070e400000| Untracked 
| 161|0x000000070e500000, 0x000000070e500000, 0x000000070e600000|  0%| F|  |TAMS 0x000000070e500000, 0x000000070e500000| Untracked 
| 162|0x000000070e600000, 0x000000070e600000, 0x000000070e700000|  0%| F|  |TAMS 0x000000070e600000, 0x000000070e600000| Untracked 
| 163|0x000000070e700000, 0x000000070e700000, 0x000000070e800000|  0%| F|  |TAMS 0x000000070e700000, 0x000000070e700000| Untracked 
| 164|0x000000070e800000, 0x000000070e800000, 0x000000070e900000|  0%| F|  |TAMS 0x000000070e800000, 0x000000070e800000| Untracked 
| 165|0x000000070e900000, 0x000000070e900000, 0x000000070ea00000|  0%| F|  |TAMS 0x000000070e900000, 0x000000070e900000| Untracked 
| 166|0x000000070ea00000, 0x000000070ea00000, 0x000000070eb00000|  0%| F|  |TAMS 0x000000070ea00000, 0x000000070ea00000| Untracked 
| 167|0x000000070eb00000, 0x000000070eb00000, 0x000000070ec00000|  0%| F|  |TAMS 0x000000070eb00000, 0x000000070eb00000| Untracked 
| 168|0x000000070ec00000, 0x000000070ec00000, 0x000000070ed00000|  0%| F|  |TAMS 0x000000070ec00000, 0x000000070ec00000| Untracked 
| 169|0x000000070ed00000, 0x000000070ed00000, 0x000000070ee00000|  0%| F|  |TAMS 0x000000070ed00000, 0x000000070ed00000| Untracked 
| 170|0x000000070ee00000, 0x000000070ee00000, 0x000000070ef00000|  0%| F|  |TAMS 0x000000070ee00000, 0x000000070ee00000| Untracked 
| 171|0x000000070ef00000, 0x000000070ef00000, 0x000000070f000000|  0%| F|  |TAMS 0x000000070ef00000, 0x000000070ef00000| Untracked 
| 172|0x000000070f000000, 0x000000070f000000, 0x000000070f100000|  0%| F|  |TAMS 0x000000070f000000, 0x000000070f000000| Untracked 
| 173|0x000000070f100000, 0x000000070f100000, 0x000000070f200000|  0%| F|  |TAMS 0x000000070f100000, 0x000000070f100000| Untracked 
| 174|0x000000070f200000, 0x000000070f200000, 0x000000070f300000|  0%| F|  |TAMS 0x000000070f200000, 0x000000070f200000| Untracked 
| 175|0x000000070f300000, 0x000000070f300000, 0x000000070f400000|  0%| F|  |TAMS 0x000000070f300000, 0x000000070f300000| Untracked 
| 176|0x000000070f400000, 0x000000070f400000, 0x000000070f500000|  0%| F|  |TAMS 0x000000070f400000, 0x000000070f400000| Untracked 
| 177|0x000000070f500000, 0x000000070f500000, 0x000000070f600000|  0%| F|  |TAMS 0x000000070f500000, 0x000000070f500000| Untracked 
| 178|0x000000070f600000, 0x000000070f600000, 0x000000070f700000|  0%| F|  |TAMS 0x000000070f600000, 0x000000070f600000| Untracked 
| 179|0x000000070f700000, 0x000000070f700000, 0x000000070f800000|  0%| F|  |TAMS 0x000000070f700000, 0x000000070f700000| Untracked 
| 180|0x000000070f800000, 0x000000070f800000, 0x000000070f900000|  0%| F|  |TAMS 0x000000070f800000, 0x000000070f800000| Untracked 
| 181|0x000000070f900000, 0x000000070f900000, 0x000000070fa00000|  0%| F|  |TAMS 0x000000070f900000, 0x000000070f900000| Untracked 
| 182|0x000000070fa00000, 0x000000070fa00000, 0x000000070fb00000|  0%| F|  |TAMS 0x000000070fa00000, 0x000000070fa00000| Untracked 
| 183|0x000000070fb00000, 0x000000070fb00000, 0x000000070fc00000|  0%| F|  |TAMS 0x000000070fb00000, 0x000000070fb00000| Untracked 
| 184|0x000000070fc00000, 0x000000070fc00000, 0x000000070fd00000|  0%| F|  |TAMS 0x000000070fc00000, 0x000000070fc00000| Untracked 
| 185|0x000000070fd00000, 0x000000070fd00000, 0x000000070fe00000|  0%| F|  |TAMS 0x000000070fd00000, 0x000000070fd00000| Untracked 
| 186|0x000000070fe00000, 0x000000070fe00000, 0x000000070ff00000|  0%| F|  |TAMS 0x000000070fe00000, 0x000000070fe00000| Untracked 
| 187|0x000000070ff00000, 0x000000070ff00000, 0x0000000710000000|  0%| F|  |TAMS 0x000000070ff00000, 0x000000070ff00000| Untracked 
| 188|0x0000000710000000, 0x0000000710000000, 0x0000000710100000|  0%| F|  |TAMS 0x0000000710000000, 0x0000000710000000| Untracked 
| 189|0x0000000710100000, 0x0000000710100000, 0x0000000710200000|  0%| F|  |TAMS 0x0000000710100000, 0x0000000710100000| Untracked 
| 190|0x0000000710200000, 0x0000000710300000, 0x0000000710300000|100%| S|CS|TAMS 0x0000000710200000, 0x0000000710200000| Complete 
| 191|0x0000000710300000, 0x0000000710400000, 0x0000000710400000|100%| S|CS|TAMS 0x0000000710300000, 0x0000000710300000| Complete 
| 192|0x0000000710400000, 0x0000000710500000, 0x0000000710500000|100%| S|CS|TAMS 0x0000000710400000, 0x0000000710400000| Complete 
| 193|0x0000000710500000, 0x0000000710600000, 0x0000000710600000|100%| S|CS|TAMS 0x0000000710500000, 0x0000000710500000| Complete 
| 194|0x0000000710600000, 0x0000000710700000, 0x0000000710700000|100%| S|CS|TAMS 0x0000000710600000, 0x0000000710600000| Complete 
| 195|0x0000000710700000, 0x0000000710800000, 0x0000000710800000|100%| S|CS|TAMS 0x0000000710700000, 0x0000000710700000| Complete 
| 196|0x0000000710800000, 0x0000000710900000, 0x0000000710900000|100%| S|CS|TAMS 0x0000000710800000, 0x0000000710800000| Complete 
| 197|0x0000000710900000, 0x0000000710900000, 0x0000000710a00000|  0%| F|  |TAMS 0x0000000710900000, 0x0000000710900000| Untracked 
| 198|0x0000000710a00000, 0x0000000710a00000, 0x0000000710b00000|  0%| F|  |TAMS 0x0000000710a00000, 0x0000000710a00000| Untracked 
| 199|0x0000000710b00000, 0x0000000710b00000, 0x0000000710c00000|  0%| F|  |TAMS 0x0000000710b00000, 0x0000000710b00000| Untracked 
| 200|0x0000000710c00000, 0x0000000710c00000, 0x0000000710d00000|  0%| F|  |TAMS 0x0000000710c00000, 0x0000000710c00000| Untracked 
| 201|0x0000000710d00000, 0x0000000710d00000, 0x0000000710e00000|  0%| F|  |TAMS 0x0000000710d00000, 0x0000000710d00000| Untracked 
| 202|0x0000000710e00000, 0x0000000710e00000, 0x0000000710f00000|  0%| F|  |TAMS 0x0000000710e00000, 0x0000000710e00000| Untracked 
| 203|0x0000000710f00000, 0x0000000710f00000, 0x0000000711000000|  0%| F|  |TAMS 0x0000000710f00000, 0x0000000710f00000| Untracked 
| 204|0x0000000711000000, 0x0000000711000000, 0x0000000711100000|  0%| F|  |TAMS 0x0000000711000000, 0x0000000711000000| Untracked 
| 205|0x0000000711100000, 0x0000000711100000, 0x0000000711200000|  0%| F|  |TAMS 0x0000000711100000, 0x0000000711100000| Untracked 
| 206|0x0000000711200000, 0x0000000711200000, 0x0000000711300000|  0%| F|  |TAMS 0x0000000711200000, 0x0000000711200000| Untracked 
| 207|0x0000000711300000, 0x0000000711300000, 0x0000000711400000|  0%| F|  |TAMS 0x0000000711300000, 0x0000000711300000| Untracked 
| 208|0x0000000711400000, 0x0000000711400000, 0x0000000711500000|  0%| F|  |TAMS 0x0000000711400000, 0x0000000711400000| Untracked 
| 209|0x0000000711500000, 0x0000000711500000, 0x0000000711600000|  0%| F|  |TAMS 0x0000000711500000, 0x0000000711500000| Untracked 
| 210|0x0000000711600000, 0x0000000711600000, 0x0000000711700000|  0%| F|  |TAMS 0x0000000711600000, 0x0000000711600000| Untracked 
| 211|0x0000000711700000, 0x0000000711700000, 0x0000000711800000|  0%| F|  |TAMS 0x0000000711700000, 0x0000000711700000| Untracked 
| 212|0x0000000711800000, 0x0000000711800000, 0x0000000711900000|  0%| F|  |TAMS 0x0000000711800000, 0x0000000711800000| Untracked 
| 213|0x0000000711900000, 0x0000000711900000, 0x0000000711a00000|  0%| F|  |TAMS 0x0000000711900000, 0x0000000711900000| Untracked 
| 214|0x0000000711a00000, 0x0000000711a00000, 0x0000000711b00000|  0%| F|  |TAMS 0x0000000711a00000, 0x0000000711a00000| Untracked 
| 215|0x0000000711b00000, 0x0000000711b00000, 0x0000000711c00000|  0%| F|  |TAMS 0x0000000711b00000, 0x0000000711b00000| Untracked 
| 216|0x0000000711c00000, 0x0000000711c00000, 0x0000000711d00000|  0%| F|  |TAMS 0x0000000711c00000, 0x0000000711c00000| Untracked 
| 217|0x0000000711d00000, 0x0000000711d00000, 0x0000000711e00000|  0%| F|  |TAMS 0x0000000711d00000, 0x0000000711d00000| Untracked 
| 218|0x0000000711e00000, 0x0000000711e00000, 0x0000000711f00000|  0%| F|  |TAMS 0x0000000711e00000, 0x0000000711e00000| Untracked 
| 219|0x0000000711f00000, 0x0000000711f00000, 0x0000000712000000|  0%| F|  |TAMS 0x0000000711f00000, 0x0000000711f00000| Untracked 
| 220|0x0000000712000000, 0x0000000712000000, 0x0000000712100000|  0%| F|  |TAMS 0x0000000712000000, 0x0000000712000000| Untracked 
| 221|0x0000000712100000, 0x0000000712100000, 0x0000000712200000|  0%| F|  |TAMS 0x0000000712100000, 0x0000000712100000| Untracked 
| 222|0x0000000712200000, 0x0000000712200000, 0x0000000712300000|  0%| F|  |TAMS 0x0000000712200000, 0x0000000712200000| Untracked 
| 223|0x0000000712300000, 0x0000000712300000, 0x0000000712400000|  0%| F|  |TAMS 0x0000000712300000, 0x0000000712300000| Untracked 
| 224|0x0000000712400000, 0x0000000712400000, 0x0000000712500000|  0%| F|  |TAMS 0x0000000712400000, 0x0000000712400000| Untracked 
| 225|0x0000000712500000, 0x0000000712500000, 0x0000000712600000|  0%| F|  |TAMS 0x0000000712500000, 0x0000000712500000| Untracked 
| 226|0x0000000712600000, 0x0000000712600000, 0x0000000712700000|  0%| F|  |TAMS 0x0000000712600000, 0x0000000712600000| Untracked 
| 227|0x0000000712700000, 0x0000000712700000, 0x0000000712800000|  0%| F|  |TAMS 0x0000000712700000, 0x0000000712700000| Untracked 
| 228|0x0000000712800000, 0x0000000712800000, 0x0000000712900000|  0%| F|  |TAMS 0x0000000712800000, 0x0000000712800000| Untracked 
| 229|0x0000000712900000, 0x0000000712900000, 0x0000000712a00000|  0%| F|  |TAMS 0x0000000712900000, 0x0000000712900000| Untracked 
| 230|0x0000000712a00000, 0x0000000712a00000, 0x0000000712b00000|  0%| F|  |TAMS 0x0000000712a00000, 0x0000000712a00000| Untracked 
| 231|0x0000000712b00000, 0x0000000712b00000, 0x0000000712c00000|  0%| F|  |TAMS 0x0000000712b00000, 0x0000000712b00000| Untracked 
| 232|0x0000000712c00000, 0x0000000712c00000, 0x0000000712d00000|  0%| F|  |TAMS 0x0000000712c00000, 0x0000000712c00000| Untracked 
| 233|0x0000000712d00000, 0x0000000712d00000, 0x0000000712e00000|  0%| F|  |TAMS 0x0000000712d00000, 0x0000000712d00000| Untracked 
| 234|0x0000000712e00000, 0x0000000712e00000, 0x0000000712f00000|  0%| F|  |TAMS 0x0000000712e00000, 0x0000000712e00000| Untracked 
| 235|0x0000000712f00000, 0x0000000712f00000, 0x0000000713000000|  0%| F|  |TAMS 0x0000000712f00000, 0x0000000712f00000| Untracked 
| 236|0x0000000713000000, 0x0000000713000000, 0x0000000713100000|  0%| F|  |TAMS 0x0000000713000000, 0x0000000713000000| Untracked 
| 237|0x0000000713100000, 0x0000000713100000, 0x0000000713200000|  0%| F|  |TAMS 0x0000000713100000, 0x0000000713100000| Untracked 
| 238|0x0000000713200000, 0x0000000713200000, 0x0000000713300000|  0%| F|  |TAMS 0x0000000713200000, 0x0000000713200000| Untracked 
| 239|0x0000000713300000, 0x0000000713300000, 0x0000000713400000|  0%| F|  |TAMS 0x0000000713300000, 0x0000000713300000| Untracked 
| 240|0x0000000713400000, 0x0000000713400000, 0x0000000713500000|  0%| F|  |TAMS 0x0000000713400000, 0x0000000713400000| Untracked 
| 241|0x0000000713500000, 0x0000000713500000, 0x0000000713600000|  0%| F|  |TAMS 0x0000000713500000, 0x0000000713500000| Untracked 
| 242|0x0000000713600000, 0x0000000713600000, 0x0000000713700000|  0%| F|  |TAMS 0x0000000713600000, 0x0000000713600000| Untracked 
| 243|0x0000000713700000, 0x0000000713700000, 0x0000000713800000|  0%| F|  |TAMS 0x0000000713700000, 0x0000000713700000| Untracked 
| 244|0x0000000713800000, 0x0000000713800000, 0x0000000713900000|  0%| F|  |TAMS 0x0000000713800000, 0x0000000713800000| Untracked 
| 245|0x0000000713900000, 0x0000000713900000, 0x0000000713a00000|  0%| F|  |TAMS 0x0000000713900000, 0x0000000713900000| Untracked 
| 246|0x0000000713a00000, 0x0000000713a00000, 0x0000000713b00000|  0%| F|  |TAMS 0x0000000713a00000, 0x0000000713a00000| Untracked 
| 247|0x0000000713b00000, 0x0000000713c00000, 0x0000000713c00000|100%| E|  |TAMS 0x0000000713b00000, 0x0000000713b00000| Complete 
| 248|0x0000000713c00000, 0x0000000713d00000, 0x0000000713d00000|100%| E|CS|TAMS 0x0000000713c00000, 0x0000000713c00000| Complete 
| 249|0x0000000713d00000, 0x0000000713e00000, 0x0000000713e00000|100%| E|CS|TAMS 0x0000000713d00000, 0x0000000713d00000| Complete 
| 250|0x0000000713e00000, 0x0000000713f00000, 0x0000000713f00000|100%| E|CS|TAMS 0x0000000713e00000, 0x0000000713e00000| Complete 
| 251|0x0000000713f00000, 0x0000000714000000, 0x0000000714000000|100%| E|CS|TAMS 0x0000000713f00000, 0x0000000713f00000| Complete 

Card table byte_map: [0x0000026fa4e80000,0x0000026fa5660000] _byte_map_base: 0x0000026fa165e000

Marking Bits (Prev, Next): (CMBitMap*) 0x0000026f9113ecf0, (CMBitMap*) 0x0000026f9113ecb8
 Prev Bits: [0x0000026fa9d30000, 0x0000026fadc20000)
 Next Bits: [0x0000026fa5e40000, 0x0000026fa9d30000)

Polling page: 0x0000026f8f030000

Metaspace:

Usage:
  Non-class:     28.32 MB capacity,    28.03 MB ( 99%) used,   241.99 KB ( <1%) free+waste,    49.63 KB ( <1%) overhead. 
      Class:      4.00 MB capacity,     3.79 MB ( 95%) used,   191.24 KB (  5%) free+waste,    23.81 KB ( <1%) overhead. 
       Both:     32.32 MB capacity,    31.82 MB ( 98%) used,   433.23 KB (  1%) free+waste,    73.44 KB ( <1%) overhead. 

Virtual space:
  Non-class space:       30.00 MB reserved,      28.50 MB ( 95%) committed 
      Class space:        1.00 GB reserved,       4.13 MB ( <1%) committed 
             Both:        1.03 GB reserved,      32.63 MB (  3%) committed 

Chunk freelists:
   Non-Class:  59.00 KB
       Class:  31.00 KB
        Both:  90.00 KB

MaxMetaspaceSize: 17179869184.00 GB
CompressedClassSpaceSize: 1.00 GB
Initial GC threshold: 20.80 MB
Current GC threshold: 35.00 MB
CDS: off

CodeHeap 'non-profiled nmethods': size=119168Kb used=945Kb max_used=945Kb free=118222Kb
 bounds [0x0000026f9c790000, 0x0000026f9ca00000, 0x0000026fa3bf0000]
CodeHeap 'profiled nmethods': size=119168Kb used=5943Kb max_used=5943Kb free=113224Kb
 bounds [0x0000026f95330000, 0x0000026f95900000, 0x0000026f9c790000]
CodeHeap 'non-nmethods': size=7424Kb used=2938Kb max_used=2985Kb free=4485Kb
 bounds [0x0000026f94bf0000, 0x0000026f94ef0000, 0x0000026f95330000]
 total_blobs=3267 nmethods=2738 adapters=438
 compilation: enabled
              stopped_count=0, restarted_count=0
 full_count=0

Compilation events (20 events):
Event: 2.304 Thread 0x0000026fb192a800 2717   !   3       java.lang.ref.ReferenceQueue::enqueue (119 bytes)
Event: 2.304 Thread 0x0000026fb1944800 nmethod 2715 0x0000026f9c878690 code [0x0000026f9c878880, 0x0000026f9c878ee8]
Event: 2.304 Thread 0x0000026fb1948000 2719       3       java.lang.ref.ReferenceQueue::reallyPoll (65 bytes)
Event: 2.304 Thread 0x0000026fb192a800 nmethod 2717 0x0000026f958f5710 code [0x0000026f958f5900, 0x0000026f958f60c8]
Event: 2.304 Thread 0x0000026fb1948000 nmethod 2719 0x0000026f958f6290 code [0x0000026f958f6480, 0x0000026f958f69b8]
Event: 2.312 Thread 0x0000026fb1acd000 2720       4       java.util.ArrayList::hashCodeRange (68 bytes)
Event: 2.314 Thread 0x0000026fb1acd000 nmethod 2720 0x0000026f9c879890 code [0x0000026f9c879a40, 0x0000026f9c879c08]
Event: 2.315 Thread 0x0000026fb1944800 2721   !   4       jdk.internal.loader.URLClassPath$JarLoader::getResource (65 bytes)
Event: 2.321 Thread 0x0000026fb1acd000 2722   !   4       java.net.URL::<init> (543 bytes)
Event: 2.327 Thread 0x0000026fb192a800 2723   !   3       java.util.concurrent.ConcurrentHashMap::replaceNode (437 bytes)
Event: 2.329 Thread 0x0000026fb1949800 2724       3       java.util.concurrent.ConcurrentHashMap::remove (8 bytes)
Event: 2.329 Thread 0x0000026fb192a800 nmethod 2723 0x0000026f958f6a90 code [0x0000026f958f6e40, 0x0000026f958f9078]
Event: 2.329 Thread 0x0000026fb1949800 nmethod 2724 0x0000026f958f9f10 code [0x0000026f958fa0c0, 0x0000026f958fa208]
Event: 2.332 Thread 0x0000026fb1944800 nmethod 2721 0x0000026f9c879d90 code [0x0000026f9c879fe0, 0x0000026f9c87a900]
Event: 2.344 Thread 0x0000026fb18a0800 2725       3       java.lang.StringUTF16::getChar (60 bytes)
Event: 2.345 Thread 0x0000026fb1948000 2726       3       java.lang.StringUTF16::length (5 bytes)
Event: 2.345 Thread 0x0000026fb192a800 2727       3       java.lang.StringUTF16::checkIndex (9 bytes)
Event: 2.345 Thread 0x0000026fb1949800 2728       3       java.lang.StringUTF16::charAt (11 bytes)
Event: 2.345 Thread 0x0000026fb18a0800 nmethod 2725 0x0000026f958fa290 code [0x0000026f958fa440, 0x0000026f958fa598]
Event: 2.345 Thread 0x0000026fb1948000 nmethod 2726 0x0000026f958fa690 code [0x0000026f958fa840, 0x0000026f958fa938]

GC Heap History (6 events):
Event: 0.646 GC heap before
{Heap before GC invocations=0 (full 0):
 garbage-first heap   total 258048K, used 27648K [0x0000000704400000, 0x0000000800000000)
  region size 1024K, 24 young (24576K), 0 survivors (0K)
 Metaspace       used 12334K, capacity 12446K, committed 12672K, reserved 1060864K
  class space    used 1101K, capacity 1145K, committed 1152K, reserved 1048576K
}
Event: 0.651 GC heap after
{Heap after GC invocations=1 (full 0):
 garbage-first heap   total 258048K, used 6417K [0x0000000704400000, 0x0000000800000000)
  region size 1024K, 3 young (3072K), 3 survivors (3072K)
 Metaspace       used 12334K, capacity 12446K, committed 12672K, reserved 1060864K
  class space    used 1101K, capacity 1145K, committed 1152K, reserved 1048576K
}
Event: 1.370 GC heap before
{Heap before GC invocations=1 (full 0):
 garbage-first heap   total 258048K, used 42257K [0x0000000704400000, 0x0000000800000000)
  region size 1024K, 39 young (39936K), 3 survivors (3072K)
 Metaspace       used 20908K, capacity 21176K, committed 21248K, reserved 1069056K
  class space    used 2188K, capacity 2274K, committed 2304K, reserved 1048576K
}
Event: 1.376 GC heap after
{Heap after GC invocations=2 (full 0):
 garbage-first heap   total 258048K, used 9921K [0x0000000704400000, 0x0000000800000000)
  region size 1024K, 7 young (7168K), 7 survivors (7168K)
 Metaspace       used 20908K, capacity 21176K, committed 21248K, reserved 1069056K
  class space    used 2188K, capacity 2274K, committed 2304K, reserved 1048576K
}
Event: 2.296 GC heap before
{Heap before GC invocations=3 (full 0):
 garbage-first heap   total 258048K, used 63169K [0x0000000704400000, 0x0000000800000000)
  region size 1024K, 55 young (56320K), 7 survivors (7168K)
 Metaspace       used 31968K, capacity 32481K, committed 32768K, reserved 1077248K
  class space    used 3776K, capacity 4001K, committed 4096K, reserved 1048576K
}
Event: 2.303 GC heap after
{Heap after GC invocations=4 (full 0):
 garbage-first heap   total 258048K, used 20324K [0x0000000704400000, 0x0000000800000000)
  region size 1024K, 7 young (7168K), 7 survivors (7168K)
 Metaspace       used 31968K, capacity 32481K, committed 32768K, reserved 1077248K
  class space    used 3776K, capacity 4001K, committed 4096K, reserved 1048576K
}

Deoptimization events (20 events):
Event: 2.138 Thread 0x0000026f910d9000 DEOPT PACKING pc=0x0000026f9c835104 sp=0x000000e5ce2fde40
Event: 2.138 Thread 0x0000026f910d9000 DEOPT UNPACKING pc=0x0000026f94c3a1af sp=0x000000e5ce2fddb8 mode 2
Event: 2.138 Thread 0x0000026f910d9000 Uncommon trap: trap_request=0xffffffde fr.pc=0x0000026f9c835104 relative=0x0000000000000064
Event: 2.138 Thread 0x0000026f910d9000 Uncommon trap: reason=class_check action=maybe_recompile pc=0x0000026f9c835104 method=java.util.LinkedHashMap.afterNodeInsertion(Z)V @ 15 c2
Event: 2.138 Thread 0x0000026f910d9000 DEOPT PACKING pc=0x0000026f9c835104 sp=0x000000e5ce2fde40
Event: 2.138 Thread 0x0000026f910d9000 DEOPT UNPACKING pc=0x0000026f94c3a1af sp=0x000000e5ce2fddb8 mode 2
Event: 2.215 Thread 0x0000026f910d9000 Uncommon trap: trap_request=0xffffff4d fr.pc=0x0000026f9c85e364 relative=0x00000000000007c4
Event: 2.215 Thread 0x0000026f910d9000 Uncommon trap: reason=unstable_if action=reinterpret pc=0x0000026f9c85e364 method=org.jetbrains.kotlin.com.intellij.openapi.vfs.impl.ZipEntryMap.isTheOne(Lorg/jetbrains/kotlin/com/intellij/openapi/vfs/impl/ArchiveHandler$EntryInfo;Ljava/lang/CharSequence;
Event: 2.215 Thread 0x0000026f910d9000 DEOPT PACKING pc=0x0000026f9c85e364 sp=0x000000e5ce2fe1e0
Event: 2.215 Thread 0x0000026f910d9000 DEOPT UNPACKING pc=0x0000026f94c3a1af sp=0x000000e5ce2fe0c0 mode 2
Event: 2.235 Thread 0x0000026f910d9000 Uncommon trap: trap_request=0xffffff4d fr.pc=0x0000026f9c85f848 relative=0x00000000000007a8
Event: 2.235 Thread 0x0000026f910d9000 Uncommon trap: reason=unstable_if action=reinterpret pc=0x0000026f9c85f848 method=org.jetbrains.kotlin.com.intellij.openapi.vfs.impl.ZipEntryMap.isTheOne(Lorg/jetbrains/kotlin/com/intellij/openapi/vfs/impl/ArchiveHandler$EntryInfo;Ljava/lang/CharSequence;
Event: 2.235 Thread 0x0000026f910d9000 DEOPT PACKING pc=0x0000026f9c85f848 sp=0x000000e5ce2fe1a0
Event: 2.235 Thread 0x0000026f910d9000 DEOPT UNPACKING pc=0x0000026f94c3a1af sp=0x000000e5ce2fe0e8 mode 2
Event: 2.241 Thread 0x0000026f910d9000 Uncommon trap: trap_request=0xffffff4d fr.pc=0x0000026f9c85bcb4 relative=0x00000000000004b4
Event: 2.241 Thread 0x0000026f910d9000 Uncommon trap: reason=unstable_if action=reinterpret pc=0x0000026f9c85bcb4 method=org.jetbrains.kotlin.com.intellij.openapi.vfs.impl.ZipEntryMap.isTheOne(Lorg/jetbrains/kotlin/com/intellij/openapi/vfs/impl/ArchiveHandler$EntryInfo;Ljava/lang/CharSequence;
Event: 2.241 Thread 0x0000026f910d9000 DEOPT PACKING pc=0x0000026f9c85bcb4 sp=0x000000e5ce2fe140
Event: 2.241 Thread 0x0000026f910d9000 DEOPT UNPACKING pc=0x0000026f94c3a1af sp=0x000000e5ce2fe0f0 mode 2
Event: 2.243 Thread 0x0000026f910d9000 DEOPT PACKING pc=0x0000026f95798578 sp=0x000000e5ce2fe2e0
Event: 2.243 Thread 0x0000026f910d9000 DEOPT UNPACKING pc=0x0000026f94c3a95e sp=0x000000e5ce2fd7e8 mode 0

Classes redefined (0 events):
No events

Internal exceptions (20 events):
Event: 1.122 Thread 0x0000026f910d9000 Exception <a 'java/lang/NoSuchMethodError'{0x000000071241db88}: 'long java.lang.invoke.Invokers$Holder.invoke_MT(java.lang.Object, java.lang.Object, java.lang.Object, java.lang.Object)'> (0x000000071241db88) thrown at [./src/hotspot/share/interpreter/linkResolver.cpp, line 773]
Event: 1.123 Thread 0x0000026f910d9000 Exception <a 'java/lang/NoSuchMethodError'{0x0000000712421208}: 'long java.lang.invoke.DelegatingMethodHandle$Holder.reinvoke_L(java.lang.Object, java.lang.Object, java.lang.Object)'> (0x0000000712421208) thrown at [./src/hotspot/share/interpreter/linkResolver.cpp, line 773]
Event: 1.124 Thread 0x0000026f910d9000 Exception <a 'java/lang/NoSuchMethodError'{0x000000071242aec8}: 'int java.lang.invoke.DirectMethodHandle$Holder.invokeSpecial(java.lang.Object, java.lang.Object, java.lang.Object, java.lang.Object)'> (0x000000071242aec8) thrown at [./src/hotspot/share/interpreter/linkResolver.cpp, line 773]
Event: 1.127 Thread 0x0000026f910d9000 Exception <a 'java/lang/NoSuchMethodError'{0x0000000712439ca8}: 'int java.lang.invoke.DelegatingMethodHandle$Holder.reinvoke_L(java.lang.Object, java.lang.Object, java.lang.Object, long, int)'> (0x0000000712439ca8) thrown at [./src/hotspot/share/interpreter/linkResolver.cpp, line 773]
Event: 1.240 Thread 0x0000026f910d9000 Exception <a 'java/lang/NoSuchMethodError'{0x000000071207c0d0}: 'int java.lang.invoke.DirectMethodHandle$Holder.invokeSpecialIFC(java.lang.Object, java.lang.Object, int)'> (0x000000071207c0d0) thrown at [./src/hotspot/share/interpreter/linkResolver.cpp, line 773]
Event: 1.440 Thread 0x0000026f910d9000 Exception <a 'java/lang/NoSuchMethodError'{0x0000000713b42198}: 'java.lang.Object java.lang.invoke.DirectMethodHandle$Holder.invokeStaticInit(java.lang.Object, int)'> (0x0000000713b42198) thrown at [./src/hotspot/share/interpreter/linkResolver.cpp, line 773]
Event: 1.464 Thread 0x0000026f910d9000 Exception <a 'java/lang/NoSuchMethodError'{0x0000000713911660}: 'long java.lang.invoke.DirectMethodHandle$Holder.invokeStatic(java.lang.Object)'> (0x0000000713911660) thrown at [./src/hotspot/share/interpreter/linkResolver.cpp, line 773]
Event: 1.465 Thread 0x0000026f910d9000 Exception <a 'java/lang/NoSuchMethodError'{0x00000007139144b8}: 'long java.lang.invoke.DirectMethodHandle$Holder.invokeStaticInit(java.lang.Object)'> (0x00000007139144b8) thrown at [./src/hotspot/share/interpreter/linkResolver.cpp, line 773]
Event: 1.522 Thread 0x0000026f910d9000 Exception <a 'java/lang/NoSuchMethodError'{0x000000071353b680}: 'int java.lang.invoke.DirectMethodHandle$Holder.invokeStaticInit(java.lang.Object, java.lang.Object, java.lang.Object)'> (0x000000071353b680) thrown at [./src/hotspot/share/interpreter/linkResolver.cpp, line 773]
Event: 1.526 Thread 0x0000026f910d9000 Exception <a 'java/lang/NoSuchMethodError'{0x0000000713566370}: 'int java.lang.invoke.DirectMethodHandle$Holder.invokeStaticInit(java.lang.Object, java.lang.Object)'> (0x0000000713566370) thrown at [./src/hotspot/share/interpreter/linkResolver.cpp, line 773]
Event: 1.567 Thread 0x0000026f910d9000 Exception <a 'java/lang/NoSuchMethodError'{0x000000071337a9b0}: 'void java.lang.invoke.DirectMethodHandle$Holder.invokeSpecial(java.lang.Object, java.lang.Object)'> (0x000000071337a9b0) thrown at [./src/hotspot/share/interpreter/linkResolver.cpp, line 773]
Event: 1.759 Thread 0x0000026f910d9000 Exception <a 'java/lang/NoSuchMethodError'{0x0000000712bdaf08}: 'java.lang.Object java.lang.invoke.DirectMethodHandle$Holder.invokeStatic(java.lang.Object, java.lang.Object, java.lang.Object, java.lang.Object, java.lang.Object, java.lang.Object, java.lang.Object, java.lang.Object, java.lang.Object, java.lang.Object, java.lang.Object, java.lang.Object, java.lang.Object, java.lang.Object, java.lang.Object)'> (0x0000000712bdaf08) thrown at [./src/hotspot/share/interpreter/linkResolver.cpp, line 773]
Event: 1.760 Thread 0x0000026f910d9000 Exception <a 'java/lang/NoSuchMethodError'{0x0000000712be8f10}: 'java.lang.Object java.lang.invoke.DirectMethodHandle$Holder.invokeStatic(java.lang.Object, java.lang.Object, java.lang.Object, java.lang.Object, java.lang.Object, java.lang.Object, java.lang.Object, java.lang.Object, java.lang.Object, java.lang.Object, java.lang.Object, java.lang.Object, java.lang.Object, java.lang.Object, java.lang.Object, java.lang.Object)'> (0x0000000712be8f10) thrown at [./src/hotspot/share/interpreter/linkResolver.cpp, l
Event: 1.762 Thread 0x0000026f910d9000 Exception <a 'java/lang/NoSuchMethodError'{0x0000000712bf6e28}: 'java.lang.Object java.lang.invoke.DirectMethodHandle$Holder.invokeSpecial(java.lang.Object, java.lang.Object, int, int, java.lang.Object, java.lang.Object, java.lang.Object)'> (0x0000000712bf6e28) thrown at [./src/hotspot/share/interpreter/linkResolver.cpp, line 773]
Event: 1.762 Thread 0x0000026f910d9000 Exception <a 'java/lang/NoSuchMethodError'{0x0000000712bfa660}: 'java.lang.Object java.lang.invoke.DelegatingMethodHandle$Holder.reinvoke_L(java.lang.Object, int, int, java.lang.Object, java.lang.Object, java.lang.Object)'> (0x0000000712bfa660) thrown at [./src/hotspot/share/interpreter/linkResolver.cpp, line 773]
Event: 1.762 Thread 0x0000026f910d9000 Exception <a 'java/lang/NoSuchMethodError'{0x0000000712bfe9e8}: 'java.lang.Object java.lang.invoke.DirectMethodHandle$Holder.invokeStatic(java.lang.Object, java.lang.Object, java.lang.Object, java.lang.Object, int)'> (0x0000000712bfe9e8) thrown at [./src/hotspot/share/interpreter/linkResolver.cpp, line 773]
Event: 1.803 Thread 0x0000026f910d9000 Exception <a 'java/lang/NoSuchMethodError'{0x0000000712923a90}: 'void java.lang.invoke.DirectMethodHandle$Holder.invokeStatic(java.lang.Object, java.lang.Object, java.lang.Object, java.lang.Object)'> (0x0000000712923a90) thrown at [./src/hotspot/share/interpreter/linkResolver.cpp, line 773]
Event: 1.870 Thread 0x0000026f910d9000 Exception <a 'java/lang/NoSuchMethodError'{0x000000071250d448}: 'void java.lang.invoke.DirectMethodHandle$Holder.invokeStaticInit(java.lang.Object, java.lang.Object)'> (0x000000071250d448) thrown at [./src/hotspot/share/interpreter/linkResolver.cpp, line 773]
Event: 1.947 Thread 0x0000026f910d9000 Exception <a 'java/lang/NoSuchMethodError'{0x0000000712019af0}: 'void java.lang.invoke.DirectMethodHandle$Holder.invokeVirtual(java.lang.Object, java.lang.Object)'> (0x0000000712019af0) thrown at [./src/hotspot/share/interpreter/linkResolver.cpp, line 773]
Event: 1.960 Thread 0x0000026f910d9000 Exception <a 'java/lang/NoSuchMethodError'{0x00000007120b0b80}: 'int java.lang.invoke.DirectMethodHandle$Holder.invokeVirtual(java.lang.Object, java.lang.Object)'> (0x00000007120b0b80) thrown at [./src/hotspot/share/interpreter/linkResolver.cpp, line 773]

Events (20 events):
Event: 2.340 loading class java/beans/PropertyChangeListener
Event: 2.340 loading class java/beans/PropertyChangeListener done
Event: 2.340 loading class org/jetbrains/kotlin/com/intellij/openapi/editor/impl/DocumentImpl$1
Event: 2.340 loading class org/jetbrains/kotlin/com/intellij/openapi/editor/impl/DocumentImpl$1 done
Event: 2.341 loading class org/jetbrains/kotlin/com/intellij/util/text/ImmutableText$LeafNode
Event: 2.341 loading class org/jetbrains/kotlin/com/intellij/util/text/ImmutableText$LeafNode done
Event: 2.341 loading class org/jetbrains/kotlin/com/intellij/util/text/ImmutableText$Node
Event: 2.341 loading class org/jetbrains/kotlin/com/intellij/util/text/ImmutableText$Node done
Event: 2.341 loading class org/jetbrains/kotlin/com/intellij/util/text/ImmutableText$Leaf8BitNode
Event: 2.341 loading class org/jetbrains/kotlin/com/intellij/util/text/ImmutableText$Leaf8BitNode done
Event: 2.342 loading class org/jetbrains/kotlin/com/intellij/util/text/ImmutableText$WideLeafNode
Event: 2.342 loading class org/jetbrains/kotlin/com/intellij/util/text/ImmutableText$WideLeafNode done
Event: 2.342 loading class org/jetbrains/kotlin/com/intellij/util/text/ImmutableText$CompositeNode
Event: 2.342 loading class org/jetbrains/kotlin/com/intellij/util/text/ImmutableText$CompositeNode done
Event: 2.343 loading class org/jetbrains/kotlin/com/intellij/openapi/editor/impl/FrozenDocument
Event: 2.343 loading class org/jetbrains/kotlin/com/intellij/openapi/editor/impl/FrozenDocument done
Event: 2.343 loading class org/jetbrains/kotlin/com/intellij/injected/editor/DocumentWindow
Event: 2.343 loading class org/jetbrains/kotlin/com/intellij/injected/editor/DocumentWindow done
Event: 2.344 loading class org/jetbrains/kotlin/com/intellij/util/text/StringFactory
Event: 2.344 loading class org/jetbrains/kotlin/com/intellij/util/text/StringFactory done


Dynamic libraries:
0x00007ff6bc500000 - 0x00007ff6bc50a000 	C:\Program Files\Android\Android Studio\jre\bin\java.exe
0x00007fff04bd0000 - 0x00007fff04de7000 	C:\Windows\SYSTEM32\ntdll.dll
0x00007fff02db0000 - 0x00007fff02e74000 	C:\Windows\System32\KERNEL32.DLL
0x00007fff020f0000 - 0x00007fff02495000 	C:\Windows\System32\KERNELBASE.dll
0x00007fff02730000 - 0x00007fff02841000 	C:\Windows\System32\ucrtbase.dll
0x00007ffeea5a0000 - 0x00007ffeea5b9000 	C:\Program Files\Android\Android Studio\jre\bin\jli.dll
0x00007fff030c0000 - 0x00007fff0326e000 	C:\Windows\System32\USER32.dll
0x00007fff028f0000 - 0x00007fff02916000 	C:\Windows\System32\win32u.dll
0x00007fff040a0000 - 0x00007fff040c9000 	C:\Windows\System32\GDI32.dll
0x00007ffeea5f0000 - 0x00007ffeea607000 	C:\Program Files\Android\Android Studio\jre\bin\VCRUNTIME140.dll
0x00007fff024a0000 - 0x00007fff025b9000 	C:\Windows\System32\gdi32full.dll
0x00007fff02850000 - 0x00007fff028ea000 	C:\Windows\System32\msvcp_win.dll
0x00007ffee5f60000 - 0x00007ffee61f3000 	C:\Windows\WinSxS\amd64_microsoft.windows.common-controls_6595b64144ccf1df_6.0.22621.2506_none_270c5ae97388e100\COMCTL32.dll
0x00007fff040d0000 - 0x00007fff04177000 	C:\Windows\System32\msvcrt.dll
0x00007fff02f00000 - 0x00007fff02f31000 	C:\Windows\System32\IMM32.DLL
0x00007ffec2190000 - 0x00007ffec222d000 	C:\Program Files\Android\Android Studio\jre\bin\msvcp140.dll
0x00007ffe881a0000 - 0x00007ffe88ca2000 	C:\Program Files\Android\Android Studio\jre\bin\server\jvm.dll
0x00007fff03e20000 - 0x00007fff03ed1000 	C:\Windows\System32\ADVAPI32.dll
0x00007fff03c10000 - 0x00007fff03cb6000 	C:\Windows\System32\sechost.dll
0x00007fff02fa0000 - 0x00007fff030b7000 	C:\Windows\System32\RPCRT4.dll
0x00007fff04b80000 - 0x00007fff04b88000 	C:\Windows\System32\PSAPI.DLL
0x00007ffefa8f0000 - 0x00007ffefa8f9000 	C:\Windows\SYSTEM32\WSOCK32.dll
0x00007fff029a0000 - 0x00007fff02a11000 	C:\Windows\System32\WS2_32.dll
0x00007ffefbeb0000 - 0x00007ffefbee4000 	C:\Windows\SYSTEM32\WINMM.dll
0x00007ffeec380000 - 0x00007ffeec38a000 	C:\Windows\SYSTEM32\VERSION.dll
0x00007fff00fd0000 - 0x00007fff00fe8000 	C:\Windows\SYSTEM32\kernel.appcore.dll
0x00007ffef9cf0000 - 0x00007ffef9d01000 	C:\Program Files\Android\Android Studio\jre\bin\verify.dll
0x00007ffeff310000 - 0x00007ffeff543000 	C:\Windows\SYSTEM32\DBGHELP.DLL
0x00007fff02a20000 - 0x00007fff02da9000 	C:\Windows\System32\combase.dll
0x00007fff03a30000 - 0x00007fff03b07000 	C:\Windows\System32\OLEAUT32.dll
0x00007ffec7270000 - 0x00007ffec72a2000 	C:\Windows\SYSTEM32\dbgcore.DLL
0x00007fff01fb0000 - 0x00007fff0202a000 	C:\Windows\System32\bcryptPrimitives.dll
0x00007ffef7190000 - 0x00007ffef71b9000 	C:\Program Files\Android\Android Studio\jre\bin\java.dll
0x00007ffefa8e0000 - 0x00007ffefa8eb000 	C:\Program Files\Android\Android Studio\jre\bin\jimage.dll
0x00007ffef9220000 - 0x00007ffef9238000 	C:\Program Files\Android\Android Studio\jre\bin\zip.dll
0x00007fff04320000 - 0x00007fff04b79000 	C:\Windows\System32\SHELL32.dll
0x00007ffeffe30000 - 0x00007fff00724000 	C:\Windows\SYSTEM32\windows.storage.dll
0x00007ffeffcf0000 - 0x00007ffeffe2e000 	C:\Windows\SYSTEM32\wintypes.dll
0x00007fff03430000 - 0x00007fff03523000 	C:\Windows\System32\SHCORE.dll
0x00007fff02ea0000 - 0x00007fff02efe000 	C:\Windows\System32\shlwapi.dll
0x00007fff01e70000 - 0x00007fff01e96000 	C:\Windows\SYSTEM32\profapi.dll
0x00007ffefa8c0000 - 0x00007ffefa8da000 	C:\Program Files\Android\Android Studio\jre\bin\net.dll
0x00007ffef95d0000 - 0x00007ffef9707000 	C:\Windows\SYSTEM32\WINHTTP.dll
0x00007fff014b0000 - 0x00007fff01519000 	C:\Windows\system32\mswsock.dll
0x00007ffef7170000 - 0x00007ffef7184000 	C:\Program Files\Android\Android Studio\jre\bin\nio.dll

dbghelp: loaded successfully - version: 4.0.5 - missing functions: none
symbol engine: initialized successfully - sym options: 0x614 - pdb path: .;C:\Program Files\Android\Android Studio\jre\bin;C:\Windows\SYSTEM32;C:\Windows\WinSxS\amd64_microsoft.windows.common-controls_6595b64144ccf1df_6.0.22621.2506_none_270c5ae97388e100;C:\Program Files\Android\Android Studio\jre\bin\server

VM Arguments:
java_command: org.jetbrains.kotlin.cli.jvm.K2JVMCompiler @C:\Users\Svetl\AndroidStudioProjects\up2_2versia2\app\build\20231205_708014346776581216.compiler.options
java_class_path (initial): C:\Users\Svetl\.gradle\caches\modules-2\files-2.1\org.jetbrains.kotlin\kotlin-compiler-embeddable\1.7.10\909803167c98606fcf22b4c848647c68e351d48d\kotlin-compiler-embeddable-1.7.10.jar;C:\Users\Svetl\.gradle\caches\modules-2\files-2.1\org.jetbrains.kotlin\kotlin-reflect\1.7.10\165e600dfea6185cf5efa700756294cc4904dbeb\kotlin-reflect-1.7.10.jar;C:\Users\Svetl\.gradle\caches\modules-2\files-2.1\org.jetbrains.kotlin\kotlin-stdlib\1.7.10\d2abf9e77736acc4450dc4a3f707fa2c10f5099d\kotlin-stdlib-1.7.10.jar;C:\Users\Svetl\.gradle\caches\modules-2\files-2.1\org.jetbrains.kotlin\kotlin-script-runtime\1.7.10\c99c87a6988d8fd8d5142e9ed5c9f34a7cf561ee\kotlin-script-runtime-1.7.10.jar;C:\Users\Svetl\.gradle\caches\modules-2\files-2.1\org.jetbrains.kotlin\kotlin-daemon-embeddable\1.7.10\3a9f7aef7080d3ae63126cbba4f827ed664f32fa\kotlin-daemon-embeddable-1.7.10.jar;C:\Users\Svetl\.gradle\caches\modules-2\files-2.1\org.jetbrains.intellij.deps\trove4j\1.0.20200330\3afb14d5f9ceb459d724e907a21145e8ff394f02\trove4j-1.0.20200330.jar;C:\Users\Svetl\.gradle\caches\modules-2\files-2.1\net.java.dev.jna\jna\5.6.0\330f2244e9030119ab3030fc3fededc86713d9cc\jna-5.6.0.jar;C:\Users\Svetl\.gradle\caches\modules-2\files-2.1\org.jetbrains.kotlin\kotlin-stdlib-common\1.7.10\bac80c520d0a9e3f3673bc2658c6ed02ef45a76a\kotlin-stdlib-common-1.7.10.jar;C:\Users\Svetl\.gradle\caches\modules-2\files-2.1\org.jetbrains\annotations\13.0\919f0dfe192fb4e063e7dacadee7f8bb9a2672a9\annotations-13.0.jar
Launcher Type: SUN_STANDARD

[Global flags]
     intx CICompilerCount                          = 12                                        {product} {ergonomic}
     uint ConcGCThreads                            = 4                                         {product} {ergonomic}
     uint G1ConcRefinementThreads                  = 15                                        {product} {ergonomic}
   size_t G1HeapRegionSize                         = 1048576                                   {product} {ergonomic}
    uintx GCDrainStackTargetSize                   = 64                                        {product} {ergonomic}
   size_t InitialHeapSize                          = 264241152                                 {product} {ergonomic}
   size_t MarkStackSize                            = 4194304                                   {product} {ergonomic}
   size_t MaxHeapSize                              = 4223664128                                {product} {ergonomic}
   size_t MaxNewSize                               = 2533359616                                {product} {ergonomic}
   size_t MinHeapDeltaBytes                        = 1048576                                   {product} {ergonomic}
    uintx NonNMethodCodeHeapSize                   = 7594288                                {pd product} {ergonomic}
    uintx NonProfiledCodeHeapSize                  = 122031976                              {pd product} {ergonomic}
    uintx ProfiledCodeHeapSize                     = 122031976                              {pd product} {ergonomic}
    uintx ReservedCodeCacheSize                    = 251658240                              {pd product} {ergonomic}
     bool SegmentedCodeCache                       = true                                      {product} {ergonomic}
     bool UseCompressedClassPointers               = true                                 {lp64_product} {ergonomic}
     bool UseCompressedOops                        = true                                 {lp64_product} {ergonomic}
     bool UseG1GC                                  = true                                      {product} {ergonomic}
     bool UseLargePagesIndividualAllocation        = false                                  {pd product} {ergonomic}

Logging:
Log output configuration:
 #0: stdout all=warning uptime,level,tags
 #1: stderr all=off uptime,level,tags

Environment Variables:
PATH=C:\Program Files\Microsoft\jdk-11.0.16.101-hotspot\bin;C:\Windows\System32\HWAudioDriverLibs;C:\Windows\system32;C:\Windows;C:\Windows\System32\Wbem;C:\Windows\System32\WindowsPowerShell\v1.0\;C:\Windows\System32\OpenSSH\;C:\Users\Administrator\AppData\Local\Microsoft\WindowsApps;C:\Program Files\Microsoft SQL Server\Client SDK\ODBC\170\Tools\Binn\;C:\Program Files\Azure Data Studio\bin;C:\Program Files\dotnet\;C:\Program Files (x86)\Microsoft SQL Server\150\Tools\Binn\;C:\Program Files\Microsoft SQL Server\150\Tools\Binn\;C:\Program Files\Microsoft SQL Server\150\DTS\Binn\;C:\Program Files (x86)\Microsoft SQL Server\160\DTS\Binn\;C:\Users\Svetl\AppData\Local\Microsoft\WindowsApps;C:\Program Files\Azure Data Studio\bin;C:\Users\Svetl\.dotnet\tools
USERNAME=Svetl
OS=Windows_NT
PROCESSOR_IDENTIFIER=Intel64 Family 6 Model 154 Stepping 3, GenuineIntel



---------------  S Y S T E M  ---------------

OS: Windows 11 , 64 bit Build 22621 (10.0.22621.2506)
OS uptime: 0 days 10:36 hours
Hyper-V role detected

CPU:total 20 (initial active 20) (10 cores per cpu, 2 threads per core) family 6 model 154 stepping 3 microcode 0x41e, cmov, cx8, fxsr, mmx, sse, sse2, sse3, ssse3, sse4.1, sse4.2, popcnt, avx, avx2, aes, clmul, erms, 3dnowpref, lzcnt, ht, tsc, tscinvbit, bmi1, bmi2, adx, sha, fma

Memory: 4k page, system-wide physical 16110M (3435M free)
TotalPageFile size 16110M (AvailPageFile size 5M)
current process WorkingSet (physical memory assigned to process): 206M, peak: 206M
current process commit charge ("private bytes"): 436M, peak: 436M

vm_info: OpenJDK 64-Bit Server VM (11.0.13+0-b1751.21-8125866) for windows-amd64 JRE (11.0.13+0-b1751.21-8125866), built on Feb  2 2022 03:00:22 by "builder" with MS VC++ 14.0 (VS2015)

END.
